        -:    0:Source:../src/Foo.cpp
        -:    0:Graph:Debug/src/Foo.gcno
        -:    0:Data:Debug/src/Foo.gcda
        -:    0:Runs:11
        -:    0:Programs:1
        -:    1:/*EOF*/
        -:    2:/*EOF*/
        -:    3:/*EOF*/
        -:    4:/*EOF*/
        -:    5:/*EOF*/
        -:    6:/*EOF*/
        -:    7:/*EOF*/
        -:    8:/*EOF*/
        -:    9:/*EOF*/
       22:   10:/*EOF*/
        -:   11:/*EOF*/
       22:   12:/*EOF*/
        -:   13:/*EOF*/
       11:   14:/*EOF*/
        -:   15:/*EOF*/
       22:   16:/*EOF*/
